<?xml version="1.0" encoding="UTF-8"?>
<testsuite name="ParserTest" tests="1" skipped="0" failures="0" errors="0" timestamp="2022-04-27T19:08:59" hostname="LAPTOP-6SI5QUTS" time="0.017">
  <properties/>
  <testcase name="parse()" classname="ParserTest" time="0.017"/>
  <system-out><![CDATA[]]></system-out>
  <system-err><![CDATA[]]></system-err>
</testsuite>
